D:\PROGRAMMING\OPENGL\PROJECT\PROJECT\DEBUG\3DTEXTURE.CPP.NATIVECODEANALYSIS.XML
D:\PROGRAMMING\OPENGL\PROJECT\PROJECT\DEBUG\3DTEXTURE.OBJ
D:\PROGRAMMING\OPENGL\PROJECT\PROJECT\DEBUG\VC110.PDB
D:\PROGRAMMING\OPENGL\PROJECT\PROJECT\DEBUG\CAMERA.CPP.NATIVECODEANALYSIS.XML
D:\PROGRAMMING\OPENGL\PROJECT\PROJECT\DEBUG\CAMERA.OBJ
D:\PROGRAMMING\OPENGL\PROJECT\PROJECT\DEBUG\HEIGHTMAP.CPP.NATIVECODEANALYSIS.XML
D:\PROGRAMMING\OPENGL\PROJECT\PROJECT\DEBUG\HEIGHTMAP.OBJ
D:\PROGRAMMING\OPENGL\PROJECT\PROJECT\DEBUG\MODEL_3DS.CPP.NATIVECODEANALYSIS.XML
D:\PROGRAMMING\OPENGL\PROJECT\PROJECT\DEBUG\MODEL_3DS.OBJ
D:\PROGRAMMING\OPENGL\PROJECT\PROJECT\DEBUG\SOURCE.CPP.NATIVECODEANALYSIS.XML
D:\PROGRAMMING\OPENGL\PROJECT\PROJECT\DEBUG\SOURCE.OBJ
D:\PROGRAMMING\OPENGL\PROJECT\PROJECT\DEBUG\STB_IMAGE.C.NATIVECODEANALYSIS.XML
D:\PROGRAMMING\OPENGL\PROJECT\PROJECT\DEBUG\STB_IMAGE.OBJ
D:\PROGRAMMING\OPENGL\PROJECT\PROJECT\DEBUG\TEXTURE.CPP.NATIVECODEANALYSIS.XML
D:\PROGRAMMING\OPENGL\PROJECT\PROJECT\DEBUG\TEXTURE.OBJ
D:\PROGRAMMING\OPENGL\PROJECT\PROJECT\DEBUG\SKYBOX.OBJ
D:\PROGRAMMING\OPENGL\PROJECT\DEBUG\PROJECT.ILK
D:\PROGRAMMING\OPENGL\PROJECT\DEBUG\PROJECT.EXE
D:\PROGRAMMING\OPENGL\PROJECT\DEBUG\PROJECT.PDB
D:\Programming\OpenGl\Project\Project\Debug\3DTexture.obj
D:\Programming\OpenGl\Project\Project\Debug\camera.obj
D:\Programming\OpenGl\Project\Project\Debug\heightMap.obj
D:\Programming\OpenGl\Project\Project\Debug\Model_3DS.obj
D:\Programming\OpenGl\Project\Project\Debug\skybox.obj
D:\Programming\OpenGl\Project\Project\Debug\Source.obj
D:\Programming\OpenGl\Project\Project\Debug\stb_image.obj
D:\Programming\OpenGl\Project\Project\Debug\texture.obj
D:\Programming\OpenGl\Project\Project\Debug\cl.command.1.tlog
D:\Programming\OpenGl\Project\Project\Debug\CL.read.1.tlog
D:\Programming\OpenGl\Project\Project\Debug\CL.write.1.tlog
D:\Programming\OpenGl\Project\Project\Debug\link-cvtres.read.1.tlog
D:\Programming\OpenGl\Project\Project\Debug\link-cvtres.write.1.tlog
D:\Programming\OpenGl\Project\Project\Debug\link-rc.read.1.tlog
D:\Programming\OpenGl\Project\Project\Debug\link-rc.write.1.tlog
D:\Programming\OpenGl\Project\Project\Debug\link.10624-cvtres.read.1.tlog
D:\Programming\OpenGl\Project\Project\Debug\link.10624-cvtres.write.1.tlog
D:\Programming\OpenGl\Project\Project\Debug\link.10624-rc.read.1.tlog
D:\Programming\OpenGl\Project\Project\Debug\link.10624-rc.write.1.tlog
D:\Programming\OpenGl\Project\Project\Debug\link.10624.read.1.tlog
D:\Programming\OpenGl\Project\Project\Debug\link.10624.write.1.tlog
D:\Programming\OpenGl\Project\Project\Debug\link.12132-cvtres.read.1.tlog
D:\Programming\OpenGl\Project\Project\Debug\link.12132-cvtres.write.1.tlog
D:\Programming\OpenGl\Project\Project\Debug\link.12132-rc.read.1.tlog
D:\Programming\OpenGl\Project\Project\Debug\link.12132-rc.write.1.tlog
D:\Programming\OpenGl\Project\Project\Debug\link.12132.read.1.tlog
D:\Programming\OpenGl\Project\Project\Debug\link.12132.write.1.tlog
D:\Programming\OpenGl\Project\Project\Debug\link.14088-cvtres.read.1.tlog
D:\Programming\OpenGl\Project\Project\Debug\link.14088-cvtres.write.1.tlog
D:\Programming\OpenGl\Project\Project\Debug\link.14088-rc.read.1.tlog
D:\Programming\OpenGl\Project\Project\Debug\link.14088-rc.write.1.tlog
D:\Programming\OpenGl\Project\Project\Debug\link.14088.read.1.tlog
D:\Programming\OpenGl\Project\Project\Debug\link.14088.write.1.tlog
D:\Programming\OpenGl\Project\Project\Debug\link.14096-cvtres.read.1.tlog
D:\Programming\OpenGl\Project\Project\Debug\link.14096-cvtres.write.1.tlog
D:\Programming\OpenGl\Project\Project\Debug\link.14096-rc.read.1.tlog
D:\Programming\OpenGl\Project\Project\Debug\link.14096-rc.write.1.tlog
D:\Programming\OpenGl\Project\Project\Debug\link.14096.read.1.tlog
D:\Programming\OpenGl\Project\Project\Debug\link.14096.write.1.tlog
D:\Programming\OpenGl\Project\Project\Debug\link.15108-cvtres.read.1.tlog
D:\Programming\OpenGl\Project\Project\Debug\link.15108-cvtres.write.1.tlog
D:\Programming\OpenGl\Project\Project\Debug\link.15108-rc.read.1.tlog
D:\Programming\OpenGl\Project\Project\Debug\link.15108-rc.write.1.tlog
D:\Programming\OpenGl\Project\Project\Debug\link.15108.read.1.tlog
D:\Programming\OpenGl\Project\Project\Debug\link.15108.write.1.tlog
D:\Programming\OpenGl\Project\Project\Debug\link.16188-cvtres.read.1.tlog
D:\Programming\OpenGl\Project\Project\Debug\link.16188-cvtres.write.1.tlog
D:\Programming\OpenGl\Project\Project\Debug\link.16188-rc.read.1.tlog
D:\Programming\OpenGl\Project\Project\Debug\link.16188-rc.write.1.tlog
D:\Programming\OpenGl\Project\Project\Debug\link.16188.read.1.tlog
D:\Programming\OpenGl\Project\Project\Debug\link.16188.write.1.tlog
D:\Programming\OpenGl\Project\Project\Debug\link.16700-cvtres.read.1.tlog
D:\Programming\OpenGl\Project\Project\Debug\link.16700-cvtres.write.1.tlog
D:\Programming\OpenGl\Project\Project\Debug\link.16700-rc.read.1.tlog
D:\Programming\OpenGl\Project\Project\Debug\link.16700-rc.write.1.tlog
D:\Programming\OpenGl\Project\Project\Debug\link.16700.read.1.tlog
D:\Programming\OpenGl\Project\Project\Debug\link.16700.write.1.tlog
D:\Programming\OpenGl\Project\Project\Debug\link.17420-cvtres.read.1.tlog
D:\Programming\OpenGl\Project\Project\Debug\link.17420-cvtres.write.1.tlog
D:\Programming\OpenGl\Project\Project\Debug\link.17420-rc.read.1.tlog
D:\Programming\OpenGl\Project\Project\Debug\link.17420-rc.write.1.tlog
D:\Programming\OpenGl\Project\Project\Debug\link.17420.read.1.tlog
D:\Programming\OpenGl\Project\Project\Debug\link.17420.write.1.tlog
D:\Programming\OpenGl\Project\Project\Debug\link.17928-cvtres.read.1.tlog
D:\Programming\OpenGl\Project\Project\Debug\link.17928-cvtres.write.1.tlog
D:\Programming\OpenGl\Project\Project\Debug\link.17928-rc.read.1.tlog
D:\Programming\OpenGl\Project\Project\Debug\link.17928-rc.write.1.tlog
D:\Programming\OpenGl\Project\Project\Debug\link.17928.read.1.tlog
D:\Programming\OpenGl\Project\Project\Debug\link.17928.write.1.tlog
D:\Programming\OpenGl\Project\Project\Debug\link.19620-cvtres.read.1.tlog
D:\Programming\OpenGl\Project\Project\Debug\link.19620-cvtres.write.1.tlog
D:\Programming\OpenGl\Project\Project\Debug\link.19620-rc.read.1.tlog
D:\Programming\OpenGl\Project\Project\Debug\link.19620-rc.write.1.tlog
D:\Programming\OpenGl\Project\Project\Debug\link.19620.read.1.tlog
D:\Programming\OpenGl\Project\Project\Debug\link.19620.write.1.tlog
D:\Programming\OpenGl\Project\Project\Debug\link.20104-cvtres.read.1.tlog
D:\Programming\OpenGl\Project\Project\Debug\link.20104-cvtres.write.1.tlog
D:\Programming\OpenGl\Project\Project\Debug\link.20104-rc.read.1.tlog
D:\Programming\OpenGl\Project\Project\Debug\link.20104-rc.write.1.tlog
D:\Programming\OpenGl\Project\Project\Debug\link.20104.read.1.tlog
D:\Programming\OpenGl\Project\Project\Debug\link.20104.write.1.tlog
D:\Programming\OpenGl\Project\Project\Debug\link.20424-cvtres.read.1.tlog
D:\Programming\OpenGl\Project\Project\Debug\link.20424-cvtres.write.1.tlog
D:\Programming\OpenGl\Project\Project\Debug\link.20424-rc.read.1.tlog
D:\Programming\OpenGl\Project\Project\Debug\link.20424-rc.write.1.tlog
D:\Programming\OpenGl\Project\Project\Debug\link.20424.read.1.tlog
D:\Programming\OpenGl\Project\Project\Debug\link.20424.write.1.tlog
D:\Programming\OpenGl\Project\Project\Debug\link.20444-cvtres.read.1.tlog
D:\Programming\OpenGl\Project\Project\Debug\link.20444-cvtres.write.1.tlog
D:\Programming\OpenGl\Project\Project\Debug\link.20444-rc.read.1.tlog
D:\Programming\OpenGl\Project\Project\Debug\link.20444-rc.write.1.tlog
D:\Programming\OpenGl\Project\Project\Debug\link.20444.read.1.tlog
D:\Programming\OpenGl\Project\Project\Debug\link.20444.write.1.tlog
D:\Programming\OpenGl\Project\Project\Debug\link.20528-cvtres.read.1.tlog
D:\Programming\OpenGl\Project\Project\Debug\link.20528-cvtres.write.1.tlog
D:\Programming\OpenGl\Project\Project\Debug\link.20528-rc.read.1.tlog
D:\Programming\OpenGl\Project\Project\Debug\link.20528-rc.write.1.tlog
D:\Programming\OpenGl\Project\Project\Debug\link.20528.read.1.tlog
D:\Programming\OpenGl\Project\Project\Debug\link.20528.write.1.tlog
D:\Programming\OpenGl\Project\Project\Debug\link.22632-cvtres.read.1.tlog
D:\Programming\OpenGl\Project\Project\Debug\link.22632-cvtres.write.1.tlog
D:\Programming\OpenGl\Project\Project\Debug\link.22632-rc.read.1.tlog
D:\Programming\OpenGl\Project\Project\Debug\link.22632-rc.write.1.tlog
D:\Programming\OpenGl\Project\Project\Debug\link.22632.read.1.tlog
D:\Programming\OpenGl\Project\Project\Debug\link.22632.write.1.tlog
D:\Programming\OpenGl\Project\Project\Debug\link.23340-cvtres.read.1.tlog
D:\Programming\OpenGl\Project\Project\Debug\link.23340-cvtres.write.1.tlog
D:\Programming\OpenGl\Project\Project\Debug\link.23340-rc.read.1.tlog
D:\Programming\OpenGl\Project\Project\Debug\link.23340-rc.write.1.tlog
D:\Programming\OpenGl\Project\Project\Debug\link.23340.read.1.tlog
D:\Programming\OpenGl\Project\Project\Debug\link.23340.write.1.tlog
D:\Programming\OpenGl\Project\Project\Debug\link.23600-cvtres.read.1.tlog
D:\Programming\OpenGl\Project\Project\Debug\link.23600-cvtres.write.1.tlog
D:\Programming\OpenGl\Project\Project\Debug\link.23600-rc.read.1.tlog
D:\Programming\OpenGl\Project\Project\Debug\link.23600-rc.write.1.tlog
D:\Programming\OpenGl\Project\Project\Debug\link.23600.read.1.tlog
D:\Programming\OpenGl\Project\Project\Debug\link.23600.write.1.tlog
D:\Programming\OpenGl\Project\Project\Debug\link.23848-cvtres.read.1.tlog
D:\Programming\OpenGl\Project\Project\Debug\link.23848-cvtres.write.1.tlog
D:\Programming\OpenGl\Project\Project\Debug\link.23848-rc.read.1.tlog
D:\Programming\OpenGl\Project\Project\Debug\link.23848-rc.write.1.tlog
D:\Programming\OpenGl\Project\Project\Debug\link.23848.read.1.tlog
D:\Programming\OpenGl\Project\Project\Debug\link.23848.write.1.tlog
D:\Programming\OpenGl\Project\Project\Debug\link.24016-cvtres.read.1.tlog
D:\Programming\OpenGl\Project\Project\Debug\link.24016-cvtres.write.1.tlog
D:\Programming\OpenGl\Project\Project\Debug\link.24016-rc.read.1.tlog
D:\Programming\OpenGl\Project\Project\Debug\link.24016-rc.write.1.tlog
D:\Programming\OpenGl\Project\Project\Debug\link.24016.read.1.tlog
D:\Programming\OpenGl\Project\Project\Debug\link.24016.write.1.tlog
D:\Programming\OpenGl\Project\Project\Debug\link.8536-cvtres.read.1.tlog
D:\Programming\OpenGl\Project\Project\Debug\link.8536-cvtres.write.1.tlog
D:\Programming\OpenGl\Project\Project\Debug\link.8536-rc.read.1.tlog
D:\Programming\OpenGl\Project\Project\Debug\link.8536-rc.write.1.tlog
D:\Programming\OpenGl\Project\Project\Debug\link.8536.read.1.tlog
D:\Programming\OpenGl\Project\Project\Debug\link.8536.write.1.tlog
D:\Programming\OpenGl\Project\Project\Debug\link.9620-cvtres.read.1.tlog
D:\Programming\OpenGl\Project\Project\Debug\link.9620-cvtres.write.1.tlog
D:\Programming\OpenGl\Project\Project\Debug\link.9620-rc.read.1.tlog
D:\Programming\OpenGl\Project\Project\Debug\link.9620-rc.write.1.tlog
D:\Programming\OpenGl\Project\Project\Debug\link.9620.read.1.tlog
D:\Programming\OpenGl\Project\Project\Debug\link.9620.write.1.tlog
D:\Programming\OpenGl\Project\Project\Debug\link.command.1.tlog
D:\Programming\OpenGl\Project\Project\Debug\link.read.1.tlog
D:\Programming\OpenGl\Project\Project\Debug\link.write.1.tlog
D:\Programming\OpenGl\Project\Project\Debug\NativeCodeAnalysis.read.1.tlog
D:\Programming\OpenGl\Project\Project\Debug\vc110.idb
D:\Programming\OpenGl\Project\Project\Debug\vc110.pdb
D:\Programming\OpenGl\Project\Project\Debug\3DTexture.cpp.nativecodeanalysis.xml
D:\Programming\OpenGl\Project\Project\Debug\camera.cpp.nativecodeanalysis.xml
D:\Programming\OpenGl\Project\Project\Debug\heightMap.cpp.nativecodeanalysis.xml
D:\Programming\OpenGl\Project\Project\Debug\Model_3DS.cpp.nativecodeanalysis.xml
D:\Programming\OpenGl\Project\Project\Debug\Source.cpp.nativecodeanalysis.xml
D:\Programming\OpenGl\Project\Project\Debug\stb_image.c.nativecodeanalysis.xml
D:\Programming\OpenGl\Project\Project\Debug\texture.cpp.nativecodeanalysis.xml
D:\Programming\OpenGl\Project\Project\Debug\vc.nativecodeanalysis.all.xml
D:\Programming\OpenGl\Project\Debug\Project.pdb
D:\Programming\OpenGl\Project\Debug\Project.exe
D:\Programming\OpenGl\Project\Debug\Project.ilk
D:\Programming\OpenGl\Project\Debug\Project.exe.lastcodeanalysissucceeded
